Started GET "/" for 127.0.0.1 at 2018-07-07 18:10:54 +0900
Processing by Rails::WelcomeController#index as HTML
  Rendering /usr/local/lib/ruby/gems/2.5.0/gems/railties-5.2.0/lib/rails/templates/rails/welcome/index.html.erb
  Rendered /usr/local/lib/ruby/gems/2.5.0/gems/railties-5.2.0/lib/rails/templates/rails/welcome/index.html.erb (4.6ms)
Completed 200 OK in 27ms (Views: 13.7ms | ActiveRecord: 0.0ms)


Started GET "/" for 127.0.0.1 at 2018-07-07 18:12:10 +0900
Started GET "/" for 127.0.0.1 at 2018-07-07 18:12:20 +0900
Processing by HomeController#index as HTML
  Rendering home/index.html.erb within layouts/application
  Rendered home/index.html.erb within layouts/application (0.3ms)
Completed 200 OK in 743ms (Views: 739.9ms | ActiveRecord: 0.0ms)


Processing by HomeController#index as HTML
  Rendering home/index.html.erb within layouts/application
  Rendered home/index.html.erb within layouts/application (0.9ms)
Completed 200 OK in 130ms (Views: 127.5ms | ActiveRecord: 0.0ms)


Started GET "/" for 127.0.0.1 at 2018-07-07 18:13:41 +0900
Processing by HomeController#index as HTML
  Rendering home/index.html.erb within layouts/application
  Rendered home/index.html.erb within layouts/application (0.5ms)
Completed 200 OK in 52ms (Views: 48.1ms | ActiveRecord: 0.0ms)


Started GET "/" for 127.0.0.1 at 2018-07-07 18:13:44 +0900
Processing by HomeController#index as HTML
  Rendering home/index.html.erb within layouts/application
  Rendered home/index.html.erb within layouts/application (0.3ms)
Completed 200 OK in 26ms (Views: 22.9ms | ActiveRecord: 0.0ms)


Started GET "/" for 127.0.0.1 at 2018-07-07 18:43:05 +0900
Processing by HomeController#index as HTML
Completed 500 Internal Server Error in 6ms (ActiveRecord: 0.0ms)


  
NameError (uninitialized constant HomeController::CrawlingService):
  
app/controllers/home_controller.rb:5:in `index'
Started GET "/" for 127.0.0.1 at 2018-07-07 18:43:38 +0900
Processing by HomeController#index as HTML
Completed 500 Internal Server Error in 6ms (ActiveRecord: 0.0ms)


  
NameError (uninitialized constant HomeController::CrawlingService):
  
app/controllers/home_controller.rb:5:in `index'
Started GET "/" for 127.0.0.1 at 2018-07-07 18:43:41 +0900
Processing by HomeController#index as HTML
Completed 500 Internal Server Error in 3ms (ActiveRecord: 0.0ms)


  
NameError (uninitialized constant HomeController::CrawlingService):
  
app/controllers/home_controller.rb:5:in `index'
Started PUT "/__web_console/repl_sessions/bd9a949264e681b4cdb0402cbfc774d5" for 127.0.0.1 at 2018-07-07 18:44:31 +0900
Started PUT "/__web_console/repl_sessions/bd9a949264e681b4cdb0402cbfc774d5" for 127.0.0.1 at 2018-07-07 18:44:36 +0900
Started PUT "/__web_console/repl_sessions/bd9a949264e681b4cdb0402cbfc774d5" for 127.0.0.1 at 2018-07-07 18:44:55 +0900
Started PUT "/__web_console/repl_sessions/bd9a949264e681b4cdb0402cbfc774d5" for 127.0.0.1 at 2018-07-07 18:44:56 +0900
Started GET "/" for 127.0.0.1 at 2018-07-07 18:45:14 +0900
Processing by HomeController#index as HTML
Completed 500 Internal Server Error in 4ms (ActiveRecord: 0.0ms)


  
NameError (uninitialized constant HomeController::CrawlingService):
  
app/controllers/home_controller.rb:5:in `index'
Started GET "/" for 127.0.0.1 at 2018-07-07 18:55:12 +0900
Processing by HomeController#index as HTML
Completed 500 Internal Server Error in 19ms (ActiveRecord: 0.0ms)


  
NameError (uninitialized constant HomeController::CrawlingService):
  
app/controllers/home_controller.rb:5:in `index'
Started GET "/" for 127.0.0.1 at 2018-07-07 18:59:01 +0900
Processing by HomeController#index as HTML
Completed 500 Internal Server Error in 6ms (ActiveRecord: 0.0ms)


  
NameError (uninitialized constant HomeController::CrawlingService):
  
app/controllers/home_controller.rb:5:in `index'
Started PUT "/__web_console/repl_sessions/a4f839b082dd2c5f88688826cabdd49a" for 127.0.0.1 at 2018-07-07 18:59:15 +0900
Started PUT "/__web_console/repl_sessions/a4f839b082dd2c5f88688826cabdd49a" for 127.0.0.1 at 2018-07-07 18:59:16 +0900
Started PUT "/__web_console/repl_sessions/a4f839b082dd2c5f88688826cabdd49a" for 127.0.0.1 at 2018-07-07 18:59:18 +0900
Started PUT "/__web_console/repl_sessions/a4f839b082dd2c5f88688826cabdd49a" for 127.0.0.1 at 2018-07-07 18:59:20 +0900
Started GET "/" for 127.0.0.1 at 2018-07-07 19:00:20 +0900
Processing by HomeController#index as HTML
Completed 500 Internal Server Error in 5ms (ActiveRecord: 0.0ms)


  
NameError (uninitialized constant HomeController::CrawlingService):
  
app/controllers/home_controller.rb:5:in `index'
Started PUT "/__web_console/repl_sessions/ef14f70132c8dc8768b603bc4a2ea4c8" for 127.0.0.1 at 2018-07-07 19:00:55 +0900
Started PUT "/__web_console/repl_sessions/ef14f70132c8dc8768b603bc4a2ea4c8" for 127.0.0.1 at 2018-07-07 19:00:56 +0900
Started GET "/" for 127.0.0.1 at 2018-07-07 19:21:44 +0900
Processing by HomeController#index as HTML
  Rendering home/index.html.erb within layouts/application
  Rendered home/index.html.erb within layouts/application (4.6ms)
Completed 200 OK in 638ms (Views: 51.2ms | ActiveRecord: 0.0ms)


Started GET "/" for 127.0.0.1 at 2018-07-07 19:22:22 +0900
Processing by HomeController#index as HTML
  Rendering home/index.html.erb within layouts/application
  Rendered home/index.html.erb within layouts/application (2.8ms)
Completed 200 OK in 196ms (Views: 28.6ms | ActiveRecord: 0.0ms)


Started GET "/" for 127.0.0.1 at 2018-07-07 19:36:38 +0900
Processing by HomeController#index as HTML
  Rendering home/index.html.erb within layouts/application
  Rendered home/index.html.erb within layouts/application (6.4ms)
Completed 200 OK in 384ms (Views: 86.8ms | ActiveRecord: 0.0ms)


Started GET "/" for 127.0.0.1 at 2018-07-07 19:36:43 +0900
Processing by HomeController#index as HTML
  Rendering home/index.html.erb within layouts/application
  Rendered home/index.html.erb within layouts/application (2.6ms)
Completed 200 OK in 340ms (Views: 41.8ms | ActiveRecord: 0.0ms)


Started GET "/" for 127.0.0.1 at 2018-07-07 19:38:25 +0900
Processing by HomeController#index as HTML
Completed 500 Internal Server Error in 118ms (ActiveRecord: 0.0ms)


  
Nokogiri::CSS::SyntaxError (unexpected '$' after ''):
  
app/controllers/home_controller.rb:35:in `block in index'
app/controllers/home_controller.rb:33:in `each'
app/controllers/home_controller.rb:33:in `index'
Started PUT "/__web_console/repl_sessions/236b04e0ee228158f21207d46a194872" for 127.0.0.1 at 2018-07-07 19:38:35 +0900
Started PUT "/__web_console/repl_sessions/236b04e0ee228158f21207d46a194872" for 127.0.0.1 at 2018-07-07 19:38:36 +0900
Started PUT "/__web_console/repl_sessions/236b04e0ee228158f21207d46a194872" for 127.0.0.1 at 2018-07-07 19:38:39 +0900
Started PUT "/__web_console/repl_sessions/236b04e0ee228158f21207d46a194872" for 127.0.0.1 at 2018-07-07 19:38:58 +0900
Started GET "/" for 127.0.0.1 at 2018-07-07 19:39:39 +0900
Processing by HomeController#index as HTML
  Rendering home/index.html.erb within layouts/application
  Rendered home/index.html.erb within layouts/application (8.2ms)
Completed 200 OK in 229ms (Views: 49.8ms | ActiveRecord: 0.0ms)


Started GET "/" for 127.0.0.1 at 2018-07-07 23:37:46 +0900
Processing by HomeController#index as HTML
Completed 500 Internal Server Error in 439ms (ActiveRecord: 0.0ms)


  
NameError (undefined local variable or method `uri' for #<HomeController:0x00007f94154a1e78>
Did you mean?  URI):
  
app/controllers/home_controller.rb:38:in `block (2 levels) in index'
app/controllers/home_controller.rb:33:in `block in index'
app/controllers/home_controller.rb:29:in `each'
app/controllers/home_controller.rb:29:in `index'
Started GET "/" for 127.0.0.1 at 2018-07-07 23:38:21 +0900
Processing by HomeController#index as HTML
  Rendering home/index.html.erb within layouts/application
  Rendered home/index.html.erb within layouts/application (3.1ms)
Completed 200 OK in 687ms (Views: 28.5ms | ActiveRecord: 0.0ms)


Started GET "/" for 127.0.0.1 at 2018-07-07 23:59:31 +0900
  
SyntaxError (/Users/uzini/files/develop/ruby on rails/workspace/crawling/app/controllers/home_controller.rb:64: syntax error, unexpected end-of-input, expecting keyword_end):
  
app/controllers/home_controller.rb:64: syntax error, unexpected end-of-input, expecting keyword_end
Started GET "/" for 127.0.0.1 at 2018-07-08 00:00:17 +0900
Processing by HomeController#index as HTML
Completed 500 Internal Server Error in 221ms (ActiveRecord: 0.0ms)


  
NameError (undefined local variable or method `p_code' for #<HomeController:0x00007f9415b6b948>):
  
app/controllers/home_controller.rb:56:in `block in crawl'
app/controllers/home_controller.rb:32:in `each'
app/controllers/home_controller.rb:32:in `crawl'
app/controllers/home_controller.rb:20:in `index'
Started GET "/" for 127.0.0.1 at 2018-07-08 00:13:38 +0900
Processing by HomeController#index as HTML
  Rendering home/index.html.erb within layouts/application
  Rendered home/index.html.erb within layouts/application (0.7ms)
Completed 200 OK in 1232ms (Views: 36.4ms | ActiveRecord: 0.0ms)


Started GET "/" for 127.0.0.1 at 2018-07-08 00:14:37 +0900
Processing by HomeController#index as HTML
  Rendering home/index.html.erb within layouts/application
  Rendered home/index.html.erb within layouts/application (2.4ms)
Completed 200 OK in 1105ms (Views: 28.1ms | ActiveRecord: 0.0ms)


Started GET "/" for 127.0.0.1 at 2018-07-08 00:15:09 +0900
Processing by HomeController#index as HTML
  Rendering home/index.html.erb within layouts/application
  Rendered home/index.html.erb within layouts/application (2.0ms)
Completed 200 OK in 930ms (Views: 24.0ms | ActiveRecord: 0.0ms)


Started GET "/" for 127.0.0.1 at 2018-07-08 00:16:06 +0900
Processing by HomeController#index as HTML
  Rendering home/index.html.erb within layouts/application
  Rendered home/index.html.erb within layouts/application (0.5ms)
Completed 200 OK in 2071ms (Views: 21.1ms | ActiveRecord: 0.0ms)


Started GET "/" for 127.0.0.1 at 2018-07-08 00:17:13 +0900
Processing by HomeController#index as HTML
  Rendering home/index.html.erb within layouts/application
  Rendered home/index.html.erb within layouts/application (2.2ms)
Completed 200 OK in 1334ms (Views: 23.1ms | ActiveRecord: 0.0ms)


Started GET "/" for 127.0.0.1 at 2018-07-08 00:18:52 +0900
Processing by HomeController#index as HTML
  Rendering home/index.html.erb within layouts/application
  Rendered home/index.html.erb within layouts/application (1.9ms)
Completed 200 OK in 1010ms (Views: 20.7ms | ActiveRecord: 0.0ms)


Started GET "/" for 127.0.0.1 at 2018-07-08 00:20:10 +0900
Processing by HomeController#index as HTML
Completed 500 Internal Server Error in 98ms (ActiveRecord: 0.0ms)


  
NoMethodError (undefined method `pry' for #<Binding:0x00007f941354f020>
Did you mean?  try):
  
app/controllers/home_controller.rb:46:in `block (2 levels) in crawl'
app/controllers/home_controller.rb:33:in `block in crawl'
app/controllers/home_controller.rb:28:in `each'
app/controllers/home_controller.rb:28:in `crawl'
app/controllers/home_controller.rb:16:in `index'
Started GET "/" for 127.0.0.1 at 2018-07-08 00:20:46 +0900
Processing by HomeController#index as HTML
Completed 500 Internal Server Error in 112ms (ActiveRecord: 0.0ms)


  
NoMethodError (undefined method `pry' for #<Binding:0x00007f9415260e20>
Did you mean?  try):
  
app/controllers/home_controller.rb:48:in `block in crawl'
app/controllers/home_controller.rb:28:in `each'
app/controllers/home_controller.rb:28:in `crawl'
app/controllers/home_controller.rb:16:in `index'
Started GET "/" for 127.0.0.1 at 2018-07-08 00:21:07 +0900
Processing by HomeController#index as HTML
Completed 500 Internal Server Error in 86ms (ActiveRecord: 0.0ms)


  
NoMethodError (undefined method `pry' for #<Binding:0x00007f9410401b30>
Did you mean?  try):
  
app/controllers/home_controller.rb:48:in `block in crawl'
app/controllers/home_controller.rb:28:in `each'
app/controllers/home_controller.rb:28:in `crawl'
app/controllers/home_controller.rb:16:in `index'
Started GET "/" for 127.0.0.1 at 2018-07-08 00:23:20 +0900
Processing by HomeController#index as HTML
Completed 500 Internal Server Error in 48ms (ActiveRecord: 0.0ms)


  
NoMethodError (undefined method `pry' for #<Binding:0x00007f941547ac60>
Did you mean?  try):
  
app/controllers/home_controller.rb:46:in `block (2 levels) in crawl'
app/controllers/home_controller.rb:33:in `block in crawl'
app/controllers/home_controller.rb:28:in `each'
app/controllers/home_controller.rb:28:in `crawl'
app/controllers/home_controller.rb:16:in `index'
Started GET "/" for 127.0.0.1 at 2018-07-08 00:26:49 +0900
Processing by HomeController#index as HTML
Completed 500 Internal Server Error in 810ms (ActiveRecord: 0.0ms)


  
NoMethodError (undefined method `pry' for #<Binding:0x00007f94102174f0>
Did you mean?  try):
  
app/controllers/home_controller.rb:17:in `index'
Started PUT "/__web_console/repl_sessions/8dd1c3c2a784c6028137581f5d00f59e" for 127.0.0.1 at 2018-07-08 00:32:42 +0900
Started PUT "/__web_console/repl_sessions/8dd1c3c2a784c6028137581f5d00f59e" for 127.0.0.1 at 2018-07-08 00:32:46 +0900
Started GET "/" for 127.0.0.1 at 2018-07-08 00:35:30 +0900
Processing by HomeController#index as HTML
Completed 500 Internal Server Error in 76ms (ActiveRecord: 0.0ms)


  
NoMethodError (undefined method `pry' for #<Binding:0x00007f9415afe9d8>
Did you mean?  try):
  
app/controllers/home_controller.rb:46:in `block (2 levels) in crawl'
app/controllers/home_controller.rb:33:in `block in crawl'
app/controllers/home_controller.rb:28:in `each'
app/controllers/home_controller.rb:28:in `crawl'
app/controllers/home_controller.rb:16:in `index'
Started PUT "/__web_console/repl_sessions/33791146d0be17a9ed39a7555c3315a5" for 127.0.0.1 at 2018-07-08 00:35:37 +0900
Started PUT "/__web_console/repl_sessions/33791146d0be17a9ed39a7555c3315a5" for 127.0.0.1 at 2018-07-08 00:35:39 +0900
Started PUT "/__web_console/repl_sessions/33791146d0be17a9ed39a7555c3315a5" for 127.0.0.1 at 2018-07-08 00:36:09 +0900
Started GET "/" for 127.0.0.1 at 2018-07-08 00:50:44 +0900
  
ActionController::RoutingError (undefined local variable or method `list' for HomeController:Class):
  
app/controllers/home_controller.rb:57:in `<class:HomeController>'
app/controllers/home_controller.rb:3:in `<main>'
Started GET "/" for 127.0.0.1 at 2018-07-08 00:51:16 +0900
Processing by HomeController#index as HTML
Completed 500 Internal Server Error in 1123ms (ActiveRecord: 0.0ms)


  
NoMethodError (undefined method `pry' for #<Binding:0x00007f94118d7960>
Did you mean?  try):
  
app/controllers/home_controller.rb:56:in `crawl'
app/controllers/home_controller.rb:16:in `index'
Started GET "/" for 127.0.0.1 at 2018-07-08 00:51:24 +0900
Processing by HomeController#index as HTML
  Rendering home/index.html.erb within layouts/application
  Rendered home/index.html.erb within layouts/application (0.6ms)
Completed 200 OK in 1273ms (Views: 33.4ms | ActiveRecord: 0.0ms)


Started GET "/" for 127.0.0.1 at 2018-07-08 00:51:44 +0900
Processing by HomeController#index as HTML
  Rendering home/index.html.erb within layouts/application
  Rendered home/index.html.erb within layouts/application (0.4ms)
Completed 200 OK in 1235ms (Views: 20.2ms | ActiveRecord: 0.0ms)


Started GET "/" for 127.0.0.1 at 2018-07-08 00:53:57 +0900
Processing by HomeController#index as HTML
  Rendering home/index.html.erb within layouts/application
  Rendered home/index.html.erb within layouts/application (8.5ms)
Completed 200 OK in 972ms (Views: 42.3ms | ActiveRecord: 0.0ms)


Started GET "/" for 127.0.0.1 at 2018-07-08 00:54:16 +0900
Processing by HomeController#index as HTML
  Rendering home/index.html.erb within layouts/application
  Rendered home/index.html.erb within layouts/application (2.9ms)
Completed 200 OK in 967ms (Views: 26.7ms | ActiveRecord: 0.0ms)


Started GET "/" for 127.0.0.1 at 2018-07-08 00:54:57 +0900
Processing by HomeController#index as HTML
  Rendering home/index.html.erb within layouts/application
  Rendered home/index.html.erb within layouts/application (13.5ms)
Completed 200 OK in 729ms (Views: 48.5ms | ActiveRecord: 0.0ms)


Started GET "/" for 127.0.0.1 at 2018-07-08 00:55:02 +0900
Processing by HomeController#index as HTML
Completed 500 Internal Server Error in 106ms (ActiveRecord: 0.0ms)


  
NoMethodError (undefined method `pry' for #<Binding:0x00007f941543a548>
Did you mean?  try):
  
app/controllers/home_controller.rb:46:in `block (2 levels) in crawl'
app/controllers/home_controller.rb:33:in `block in crawl'
app/controllers/home_controller.rb:28:in `each'
app/controllers/home_controller.rb:28:in `crawl'
app/controllers/home_controller.rb:16:in `index'
Started PUT "/__web_console/repl_sessions/6ee2ca04f132e3e8ff376ced92dd0bf0" for 127.0.0.1 at 2018-07-08 00:55:10 +0900
Started PUT "/__web_console/repl_sessions/6ee2ca04f132e3e8ff376ced92dd0bf0" for 127.0.0.1 at 2018-07-08 00:55:11 +0900
Started PUT "/__web_console/repl_sessions/6ee2ca04f132e3e8ff376ced92dd0bf0" for 127.0.0.1 at 2018-07-08 00:55:31 +0900
Started PUT "/__web_console/repl_sessions/6ee2ca04f132e3e8ff376ced92dd0bf0" for 127.0.0.1 at 2018-07-08 00:57:03 +0900
Started GET "/" for 127.0.0.1 at 2018-07-08 01:10:47 +0900
Processing by HomeController#index as HTML
Completed 500 Internal Server Error in 106ms (ActiveRecord: 0.0ms)


  
NoMethodError (undefined method `pry' for #<Binding:0x00007f9415697728>
Did you mean?  try):
  
app/controllers/home_controller.rb:48:in `block in crawl'
app/controllers/home_controller.rb:28:in `each'
app/controllers/home_controller.rb:28:in `crawl'
app/controllers/home_controller.rb:16:in `index'
Started PUT "/__web_console/repl_sessions/37a97c9fb948cdf3fdc410aa728d5176" for 127.0.0.1 at 2018-07-08 01:10:51 +0900
Started PUT "/__web_console/repl_sessions/37a97c9fb948cdf3fdc410aa728d5176" for 127.0.0.1 at 2018-07-08 01:10:52 +0900
Started GET "/" for 127.0.0.1 at 2018-07-08 01:13:04 +0900
Processing by HomeController#index as HTML
Completed 500 Internal Server Error in 221ms (ActiveRecord: 0.0ms)


  
NoMethodError (undefined method `pry' for #<Binding:0x00007f9413537ce0>
Did you mean?  try):
  
app/controllers/home_controller.rb:49:in `block in crawl'
app/controllers/home_controller.rb:28:in `each'
app/controllers/home_controller.rb:28:in `crawl'
app/controllers/home_controller.rb:16:in `index'
Started GET "/" for 127.0.0.1 at 2018-07-08 01:13:50 +0900
Processing by HomeController#index as HTML
Completed 500 Internal Server Error in 73ms (ActiveRecord: 0.0ms)


  
NoMethodError (undefined method `pry' for #<Binding:0x00007f941526fe70>
Did you mean?  try):
  
app/controllers/home_controller.rb:47:in `block (2 levels) in crawl'
app/controllers/home_controller.rb:33:in `block in crawl'
app/controllers/home_controller.rb:28:in `each'
app/controllers/home_controller.rb:28:in `crawl'
app/controllers/home_controller.rb:16:in `index'
Started GET "/" for 127.0.0.1 at 2018-07-08 01:17:16 +0900
Processing by HomeController#index as HTML
Completed 500 Internal Server Error in 52ms (ActiveRecord: 0.0ms)


  
NoMethodError (undefined method `pry' for #<Binding:0x00007f9410b32620>
Did you mean?  try):
  
app/controllers/home_controller.rb:47:in `block (2 levels) in crawl'
app/controllers/home_controller.rb:33:in `block in crawl'
app/controllers/home_controller.rb:28:in `each'
app/controllers/home_controller.rb:28:in `crawl'
app/controllers/home_controller.rb:16:in `index'
Started GET "/" for 127.0.0.1 at 2018-07-08 01:17:27 +0900
Processing by HomeController#index as HTML
  Rendering home/index.html.erb within layouts/application
  Rendered home/index.html.erb within layouts/application (3.3ms)
Completed 200 OK in 654ms (Views: 40.5ms | ActiveRecord: 0.0ms)


Started GET "/" for 127.0.0.1 at 2018-07-08 01:17:56 +0900
Processing by HomeController#index as HTML
  Rendering home/index.html.erb within layouts/application
  Rendered home/index.html.erb within layouts/application (2.7ms)
Completed 200 OK in 530ms (Views: 30.0ms | ActiveRecord: 0.0ms)


Started GET "/" for 127.0.0.1 at 2018-07-08 01:18:16 +0900
Processing by HomeController#index as HTML
  Rendering home/index.html.erb within layouts/application
  Rendered home/index.html.erb within layouts/application (2.2ms)
Completed 200 OK in 668ms (Views: 24.5ms | ActiveRecord: 0.0ms)


Started GET "/" for 127.0.0.1 at 2018-07-08 01:19:45 +0900
Processing by HomeController#index as HTML
  Rendering home/index.html.erb within layouts/application
  Rendered home/index.html.erb within layouts/application (2.4ms)
Completed 200 OK in 1182ms (Views: 34.4ms | ActiveRecord: 0.0ms)


Started GET "/" for 127.0.0.1 at 2018-07-08 01:19:47 +0900
Processing by HomeController#index as HTML
  Rendering home/index.html.erb within layouts/application
  Rendered home/index.html.erb within layouts/application (2.1ms)
Completed 200 OK in 1173ms (Views: 20.7ms | ActiveRecord: 0.0ms)


Started GET "/" for 127.0.0.1 at 2018-07-08 01:20:13 +0900
Processing by HomeController#index as HTML
  Rendering home/index.html.erb within layouts/application
  Rendered home/index.html.erb within layouts/application (3.2ms)
Completed 200 OK in 884ms (Views: 30.3ms | ActiveRecord: 0.0ms)


Started GET "/" for 127.0.0.1 at 2018-07-08 01:22:13 +0900
Processing by HomeController#index as HTML
Started GET "/" for 127.0.0.1 at 2018-07-08 01:22:14 +0900
  Rendering home/index.html.erb within layouts/application
  Rendered home/index.html.erb within layouts/application (1.9ms)
Completed 200 OK in 1258ms (Views: 22.8ms | ActiveRecord: 0.0ms)


Processing by HomeController#index as HTML
  Rendering home/index.html.erb within layouts/application
  Rendered home/index.html.erb within layouts/application (1.8ms)
Completed 200 OK in 972ms (Views: 26.6ms | ActiveRecord: 0.0ms)


Started GET "/" for 127.0.0.1 at 2018-07-08 01:22:15 +0900
Processing by HomeController#index as HTML
  Rendering home/index.html.erb within layouts/application
  Rendered home/index.html.erb within layouts/application (1.5ms)
Completed 200 OK in 653ms (Views: 17.0ms | ActiveRecord: 0.0ms)


Started GET "/" for 127.0.0.1 at 2018-07-08 01:24:29 +0900
Processing by HomeController#index as HTML
Completed 500 Internal Server Error in 57ms (ActiveRecord: 0.0ms)


  
NoMethodError (undefined method `[]' for nil:NilClass):
  
app/controllers/home_controller.rb:43:in `block (2 levels) in crawl'
app/controllers/home_controller.rb:37:in `block in crawl'
app/controllers/home_controller.rb:29:in `each'
app/controllers/home_controller.rb:29:in `crawl'
app/controllers/home_controller.rb:15:in `index'
Started PUT "/__web_console/repl_sessions/0faa825deeafa9c12d7810989f2ca339" for 127.0.0.1 at 2018-07-08 01:24:41 +0900
Started PUT "/__web_console/repl_sessions/0faa825deeafa9c12d7810989f2ca339" for 127.0.0.1 at 2018-07-08 01:24:41 +0900
Started GET "/" for 127.0.0.1 at 2018-07-08 01:25:38 +0900
Processing by HomeController#index as HTML
Completed 500 Internal Server Error in 81ms (ActiveRecord: 0.0ms)


  
NoMethodError (undefined method `pry' for #<Binding:0x00007f9415398540>
Did you mean?  try):
  
app/controllers/home_controller.rb:43:in `block (2 levels) in crawl'
app/controllers/home_controller.rb:37:in `block in crawl'
app/controllers/home_controller.rb:29:in `each'
app/controllers/home_controller.rb:29:in `crawl'
app/controllers/home_controller.rb:15:in `index'
Started PUT "/__web_console/repl_sessions/c01f1439272a26160b8af7ace028ebe9" for 127.0.0.1 at 2018-07-08 01:25:42 +0900
Started PUT "/__web_console/repl_sessions/c01f1439272a26160b8af7ace028ebe9" for 127.0.0.1 at 2018-07-08 01:25:47 +0900
Started PUT "/__web_console/repl_sessions/c01f1439272a26160b8af7ace028ebe9" for 127.0.0.1 at 2018-07-08 01:25:47 +0900
Started PUT "/__web_console/repl_sessions/c01f1439272a26160b8af7ace028ebe9" for 127.0.0.1 at 2018-07-08 01:25:52 +0900
Started PUT "/__web_console/repl_sessions/c01f1439272a26160b8af7ace028ebe9" for 127.0.0.1 at 2018-07-08 01:25:52 +0900
Started PUT "/__web_console/repl_sessions/c01f1439272a26160b8af7ace028ebe9" for 127.0.0.1 at 2018-07-08 01:26:03 +0900
Started PUT "/__web_console/repl_sessions/c01f1439272a26160b8af7ace028ebe9" for 127.0.0.1 at 2018-07-08 01:26:03 +0900
Started PUT "/__web_console/repl_sessions/c01f1439272a26160b8af7ace028ebe9" for 127.0.0.1 at 2018-07-08 01:26:25 +0900
Started PUT "/__web_console/repl_sessions/c01f1439272a26160b8af7ace028ebe9" for 127.0.0.1 at 2018-07-08 01:26:31 +0900
Started PUT "/__web_console/repl_sessions/c01f1439272a26160b8af7ace028ebe9" for 127.0.0.1 at 2018-07-08 01:26:32 +0900
Started PUT "/__web_console/repl_sessions/c01f1439272a26160b8af7ace028ebe9" for 127.0.0.1 at 2018-07-08 01:26:50 +0900
Started PUT "/__web_console/repl_sessions/c01f1439272a26160b8af7ace028ebe9" for 127.0.0.1 at 2018-07-08 01:26:50 +0900
Started PUT "/__web_console/repl_sessions/c01f1439272a26160b8af7ace028ebe9" for 127.0.0.1 at 2018-07-08 01:27:03 +0900
Started PUT "/__web_console/repl_sessions/c01f1439272a26160b8af7ace028ebe9" for 127.0.0.1 at 2018-07-08 01:27:03 +0900
Started GET "/" for 127.0.0.1 at 2018-07-08 01:27:11 +0900
Processing by HomeController#index as HTML
Completed 500 Internal Server Error in 724ms (ActiveRecord: 0.0ms)


  
NoMethodError (undefined method `pry' for #<Binding:0x00007f941564e5f0>
Did you mean?  try):
  
app/controllers/home_controller.rb:43:in `block (2 levels) in crawl'
app/controllers/home_controller.rb:37:in `block in crawl'
app/controllers/home_controller.rb:29:in `each'
app/controllers/home_controller.rb:29:in `crawl'
app/controllers/home_controller.rb:15:in `index'
Started PUT "/__web_console/repl_sessions/f2a2889876098097a07177418f9ab884" for 127.0.0.1 at 2018-07-08 01:27:18 +0900
Started PUT "/__web_console/repl_sessions/f2a2889876098097a07177418f9ab884" for 127.0.0.1 at 2018-07-08 01:27:18 +0900
Started PUT "/__web_console/repl_sessions/f2a2889876098097a07177418f9ab884" for 127.0.0.1 at 2018-07-08 01:27:34 +0900
Started PUT "/__web_console/repl_sessions/f2a2889876098097a07177418f9ab884" for 127.0.0.1 at 2018-07-08 01:27:34 +0900
Started PUT "/__web_console/repl_sessions/f2a2889876098097a07177418f9ab884" for 127.0.0.1 at 2018-07-08 01:27:40 +0900
Started PUT "/__web_console/repl_sessions/f2a2889876098097a07177418f9ab884" for 127.0.0.1 at 2018-07-08 01:27:40 +0900
Started GET "/" for 127.0.0.1 at 2018-07-08 01:28:02 +0900
Processing by HomeController#index as HTML
Completed 500 Internal Server Error in 66ms (ActiveRecord: 0.0ms)


  
NoMethodError (undefined method `pry' for #<Binding:0x00007f94134e2358>
Did you mean?  try):
  
app/controllers/home_controller.rb:49:in `block (2 levels) in crawl'
app/controllers/home_controller.rb:37:in `block in crawl'
app/controllers/home_controller.rb:29:in `each'
app/controllers/home_controller.rb:29:in `crawl'
app/controllers/home_controller.rb:15:in `index'
Started PUT "/__web_console/repl_sessions/c51d29af4a50d4590d3181deec2022cc" for 127.0.0.1 at 2018-07-08 01:28:06 +0900
Started PUT "/__web_console/repl_sessions/c51d29af4a50d4590d3181deec2022cc" for 127.0.0.1 at 2018-07-08 01:28:06 +0900
Started GET "/" for 127.0.0.1 at 2018-07-08 01:28:27 +0900
Processing by HomeController#index as HTML
Completed 500 Internal Server Error in 72ms (ActiveRecord: 0.0ms)


  
NoMethodError (undefined method `pry' for #<Binding:0x00007f9415a47378>
Did you mean?  try):
  
app/controllers/home_controller.rb:41:in `block (2 levels) in crawl'
app/controllers/home_controller.rb:37:in `block in crawl'
app/controllers/home_controller.rb:29:in `each'
app/controllers/home_controller.rb:29:in `crawl'
app/controllers/home_controller.rb:15:in `index'
Started PUT "/__web_console/repl_sessions/defdf3da98750ebb1e2ac0cbf1ce517d" for 127.0.0.1 at 2018-07-08 01:28:30 +0900
Started PUT "/__web_console/repl_sessions/defdf3da98750ebb1e2ac0cbf1ce517d" for 127.0.0.1 at 2018-07-08 01:28:30 +0900
Started PUT "/__web_console/repl_sessions/defdf3da98750ebb1e2ac0cbf1ce517d" for 127.0.0.1 at 2018-07-08 01:28:35 +0900
Started GET "/" for 127.0.0.1 at 2018-07-08 01:28:55 +0900
Processing by HomeController#index as HTML
Completed 500 Internal Server Error in 76ms (ActiveRecord: 0.0ms)


  
NoMethodError (undefined method `pry' for #<Binding:0x00007f9415b98b00>
Did you mean?  try):
  
app/controllers/home_controller.rb:50:in `block (2 levels) in crawl'
app/controllers/home_controller.rb:37:in `block in crawl'
app/controllers/home_controller.rb:29:in `each'
app/controllers/home_controller.rb:29:in `crawl'
app/controllers/home_controller.rb:15:in `index'
Started PUT "/__web_console/repl_sessions/320abf7c38c57e22cac71cfd199da81a" for 127.0.0.1 at 2018-07-08 01:28:57 +0900
Started PUT "/__web_console/repl_sessions/320abf7c38c57e22cac71cfd199da81a" for 127.0.0.1 at 2018-07-08 01:28:57 +0900
Started GET "/" for 127.0.0.1 at 2018-07-08 01:29:57 +0900
Processing by HomeController#index as HTML
Completed 500 Internal Server Error in 1133ms (ActiveRecord: 0.0ms)


  
NoMethodError (undefined method `pry' for #<Binding:0x00007f9411b65b50>
Did you mean?  try):
  
app/controllers/home_controller.rb:50:in `block (2 levels) in crawl'
app/controllers/home_controller.rb:37:in `block in crawl'
app/controllers/home_controller.rb:29:in `each'
app/controllers/home_controller.rb:29:in `crawl'
app/controllers/home_controller.rb:15:in `index'
Started PUT "/__web_console/repl_sessions/110fd07d02264091d9348c9cea8048c7" for 127.0.0.1 at 2018-07-08 01:30:01 +0900
Started PUT "/__web_console/repl_sessions/110fd07d02264091d9348c9cea8048c7" for 127.0.0.1 at 2018-07-08 01:30:01 +0900
Started PUT "/__web_console/repl_sessions/110fd07d02264091d9348c9cea8048c7" for 127.0.0.1 at 2018-07-08 01:30:26 +0900
Started GET "/" for 127.0.0.1 at 2018-07-08 01:30:37 +0900
Processing by HomeController#index as HTML
Completed 500 Internal Server Error in 81ms (ActiveRecord: 0.0ms)


  
NoMethodError (undefined method `pry' for #<Binding:0x00007f94118e5ec0>
Did you mean?  try):
  
app/controllers/home_controller.rb:50:in `block (2 levels) in crawl'
app/controllers/home_controller.rb:37:in `block in crawl'
app/controllers/home_controller.rb:29:in `each'
app/controllers/home_controller.rb:29:in `crawl'
app/controllers/home_controller.rb:15:in `index'
Started PUT "/__web_console/repl_sessions/c256ef4f1bb2b651b29b42f250684daa" for 127.0.0.1 at 2018-07-08 01:30:39 +0900
Started PUT "/__web_console/repl_sessions/c256ef4f1bb2b651b29b42f250684daa" for 127.0.0.1 at 2018-07-08 01:30:40 +0900
Started PUT "/__web_console/repl_sessions/c256ef4f1bb2b651b29b42f250684daa" for 127.0.0.1 at 2018-07-08 01:30:41 +0900
Started GET "/" for 127.0.0.1 at 2018-07-08 01:30:58 +0900
Processing by HomeController#index as HTML
Completed 500 Internal Server Error in 61ms (ActiveRecord: 0.0ms)


  
NoMethodError (undefined method `pry' for #<Binding:0x00007f940fa510b8>
Did you mean?  try):
  
app/controllers/home_controller.rb:49:in `block (2 levels) in crawl'
app/controllers/home_controller.rb:37:in `block in crawl'
app/controllers/home_controller.rb:29:in `each'
app/controllers/home_controller.rb:29:in `crawl'
app/controllers/home_controller.rb:15:in `index'
Started PUT "/__web_console/repl_sessions/80f4ef9a875d8dde1e46b281e21c730e" for 127.0.0.1 at 2018-07-08 01:31:00 +0900
Started PUT "/__web_console/repl_sessions/80f4ef9a875d8dde1e46b281e21c730e" for 127.0.0.1 at 2018-07-08 01:31:01 +0900
Started GET "/" for 127.0.0.1 at 2018-07-08 01:31:11 +0900
Processing by HomeController#index as HTML
Completed 500 Internal Server Error in 108ms (ActiveRecord: 0.0ms)


  
NoMethodError (undefined method `pry' for #<Binding:0x00007f9415c87548>
Did you mean?  try):
  
app/controllers/home_controller.rb:49:in `block (2 levels) in crawl'
app/controllers/home_controller.rb:37:in `block in crawl'
app/controllers/home_controller.rb:29:in `each'
app/controllers/home_controller.rb:29:in `crawl'
app/controllers/home_controller.rb:15:in `index'
Started PUT "/__web_console/repl_sessions/6330f18768589e7ca9196ff5c017a504" for 127.0.0.1 at 2018-07-08 01:31:14 +0900
Started PUT "/__web_console/repl_sessions/6330f18768589e7ca9196ff5c017a504" for 127.0.0.1 at 2018-07-08 01:31:14 +0900
Started GET "/" for 127.0.0.1 at 2018-07-08 01:31:18 +0900
Processing by HomeController#index as HTML
  Rendering home/index.html.erb within layouts/application
  Rendered home/index.html.erb within layouts/application (2.9ms)
Completed 200 OK in 1026ms (Views: 29.2ms | ActiveRecord: 0.0ms)


Started GET "/" for 127.0.0.1 at 2018-07-08 01:39:34 +0900
  
SyntaxError (/Users/uzini/files/develop/ruby on rails/workspace/crawling/app/controllers/home_controller.rb:28: syntax error, unexpected ',', expecting =>
...= {'sixsixgirls' => [list], [], []}
...                              ^
/Users/uzini/files/develop/ruby on rails/workspace/crawling/app/controllers/home_controller.rb:57: syntax error, unexpected ':', expecting =>
        shop[0]: list
               ^):
  
app/controllers/home_controller.rb:28: syntax error, unexpected ',', expecting =>
app/controllers/home_controller.rb:57: syntax error, unexpected ':', expecting =>
Started GET "/" for 127.0.0.1 at 2018-07-08 01:39:47 +0900
  
SyntaxError (/Users/uzini/files/develop/ruby on rails/workspace/crawling/app/controllers/home_controller.rb:28: syntax error, unexpected ',', expecting =>
...= {'sixsixgirls' => [list], [], []}
...                              ^
/Users/uzini/files/develop/ruby on rails/workspace/crawling/app/controllers/home_controller.rb:57: syntax error, unexpected ':', expecting =>
        shop[0]: list
               ^):
  
app/controllers/home_controller.rb:28: syntax error, unexpected ',', expecting =>
app/controllers/home_controller.rb:57: syntax error, unexpected ':', expecting =>
Started GET "/" for 127.0.0.1 at 2018-07-08 01:39:56 +0900
  
SyntaxError (/Users/uzini/files/develop/ruby on rails/workspace/crawling/app/controllers/home_controller.rb:57: syntax error, unexpected ':', expecting =>
        shop[0]: list
               ^):
  
app/controllers/home_controller.rb:57: syntax error, unexpected ':', expecting =>
Started GET "/" for 127.0.0.1 at 2018-07-08 01:40:52 +0900
  
SyntaxError (/Users/uzini/files/develop/ruby on rails/workspace/crawling/app/controllers/home_controller.rb:57: syntax error, unexpected ':', expecting =>
        shops[0]: list
                ^):
  
app/controllers/home_controller.rb:57: syntax error, unexpected ':', expecting =>
Started GET "/" for 127.0.0.1 at 2018-07-08 01:41:56 +0900
  
SyntaxError (/Users/uzini/files/develop/ruby on rails/workspace/crawling/app/controllers/home_controller.rb:57: syntax error, unexpected ':'
        "#{shop[0]}": : list
                      ^):
  
app/controllers/home_controller.rb:57: syntax error, unexpected ':'
Started GET "/" for 127.0.0.1 at 2018-07-08 01:42:08 +0900
Processing by HomeController#index as HTML
Completed 500 Internal Server Error in 198ms (ActiveRecord: 0.0ms)


  
NameError (undefined local variable or method `all' for #<HomeController:0x00007f94154aa4b0>):
  
app/controllers/home_controller.rb:56:in `block in crawl'
app/controllers/home_controller.rb:30:in `each'
app/controllers/home_controller.rb:30:in `crawl'
app/controllers/home_controller.rb:15:in `index'
Started GET "/" for 127.0.0.1 at 2018-07-08 01:42:33 +0900
Processing by HomeController#index as HTML
Completed 500 Internal Server Error in 97ms (ActiveRecord: 0.0ms)


  
NoMethodError (undefined method `<<' for {}:Hash
Did you mean?  <):
  
app/controllers/home_controller.rb:57:in `block in crawl'
app/controllers/home_controller.rb:31:in `each'
app/controllers/home_controller.rb:31:in `crawl'
app/controllers/home_controller.rb:15:in `index'
Started GET "/" for 127.0.0.1 at 2018-07-08 01:43:02 +0900
Processing by HomeController#index as HTML
Completed 500 Internal Server Error in 91ms (ActiveRecord: 0.0ms)


  
NoMethodError (undefined method `<<' for {}:Hash
Did you mean?  <):
  
app/controllers/home_controller.rb:57:in `block in crawl'
app/controllers/home_controller.rb:31:in `each'
app/controllers/home_controller.rb:31:in `crawl'
app/controllers/home_controller.rb:15:in `index'
Started PUT "/__web_console/repl_sessions/aa86d8c5a89b175ed132a7be68644a41" for 127.0.0.1 at 2018-07-08 01:43:05 +0900
Started PUT "/__web_console/repl_sessions/aa86d8c5a89b175ed132a7be68644a41" for 127.0.0.1 at 2018-07-08 01:43:05 +0900
Started PUT "/__web_console/repl_sessions/aa86d8c5a89b175ed132a7be68644a41" for 127.0.0.1 at 2018-07-08 01:43:11 +0900
Started PUT "/__web_console/repl_sessions/aa86d8c5a89b175ed132a7be68644a41" for 127.0.0.1 at 2018-07-08 01:43:19 +0900
Started PUT "/__web_console/repl_sessions/aa86d8c5a89b175ed132a7be68644a41" for 127.0.0.1 at 2018-07-08 01:43:41 +0900
Started PUT "/__web_console/repl_sessions/aa86d8c5a89b175ed132a7be68644a41" for 127.0.0.1 at 2018-07-08 01:43:47 +0900
Started GET "/" for 127.0.0.1 at 2018-07-08 01:44:08 +0900
Processing by HomeController#index as HTML
Completed 500 Internal Server Error in 82ms (ActiveRecord: 0.0ms)


  
NoMethodError (undefined method `<<' for {}:Hash
Did you mean?  <):
  
app/controllers/home_controller.rb:57:in `block in crawl'
app/controllers/home_controller.rb:31:in `each'
app/controllers/home_controller.rb:31:in `crawl'
app/controllers/home_controller.rb:15:in `index'
Started PUT "/__web_console/repl_sessions/520274d4884bf917c0245bf7ead0d1fe" for 127.0.0.1 at 2018-07-08 01:44:22 +0900
Started PUT "/__web_console/repl_sessions/520274d4884bf917c0245bf7ead0d1fe" for 127.0.0.1 at 2018-07-08 01:44:22 +0900
Started GET "/" for 127.0.0.1 at 2018-07-08 01:44:57 +0900
Processing by HomeController#index as HTML
Completed 500 Internal Server Error in 108ms (ActiveRecord: 0.0ms)


  
NoMethodError (undefined method `<<' for {}:Hash
Did you mean?  <):
  
app/controllers/home_controller.rb:57:in `block in crawl'
app/controllers/home_controller.rb:31:in `each'
app/controllers/home_controller.rb:31:in `crawl'
app/controllers/home_controller.rb:15:in `index'
Started GET "/" for 127.0.0.1 at 2018-07-08 01:45:25 +0900
Processing by HomeController#index as HTML
Completed 500 Internal Server Error in 93ms (ActiveRecord: 0.0ms)


  
NoMethodError (undefined method `<<' for {}:Hash
Did you mean?  <):
  
app/controllers/home_controller.rb:57:in `block in crawl'
app/controllers/home_controller.rb:31:in `each'
app/controllers/home_controller.rb:31:in `crawl'
app/controllers/home_controller.rb:15:in `index'
Started GET "/" for 127.0.0.1 at 2018-07-08 01:46:52 +0900
Processing by HomeController#index as HTML
  Rendering home/index.html.erb within layouts/application
  Rendered home/index.html.erb within layouts/application (3.2ms)
Completed 200 OK in 725ms (Views: 44.4ms | ActiveRecord: 0.0ms)


Started GET "/" for 127.0.0.1 at 2018-07-09 01:05:35 +0900
  
SyntaxError (/Users/uzini/files/develop/ruby on rails/workspace/crawling/app/controllers/home_controller.rb:51: syntax error, unexpected keyword_elsif
      elsif shops[2]
      ^~~~~
/Users/uzini/files/develop/ruby on rails/workspace/crawling/app/controllers/home_controller.rb:66: syntax error, unexpected end-of-input, expecting keyword_end):
  
app/controllers/home_controller.rb:51: syntax error, unexpected keyword_elsif
app/controllers/home_controller.rb:66: syntax error, unexpected end-of-input, expecting keyword_end
Started GET "/" for 127.0.0.1 at 2018-07-09 01:06:28 +0900
  
SyntaxError (/Users/uzini/files/develop/ruby on rails/workspace/crawling/app/controllers/home_controller.rb:65: syntax error, unexpected keyword_elsif, expecting keyword_end
      elsif shops[2]
      ^~~~~
/Users/uzini/files/develop/ruby on rails/workspace/crawling/app/controllers/home_controller.rb:96: syntax error, unexpected end-of-input, expecting keyword_end):
  
app/controllers/home_controller.rb:65: syntax error, unexpected keyword_elsif, expecting keyword_end
app/controllers/home_controller.rb:96: syntax error, unexpected end-of-input, expecting keyword_end
Started GET "/" for 127.0.0.1 at 2018-07-09 01:07:17 +0900
  
SyntaxError (/Users/uzini/files/develop/ruby on rails/workspace/crawling/app/controllers/home_controller.rb:96: syntax error, unexpected end-of-input, expecting keyword_end):
  
app/controllers/home_controller.rb:96: syntax error, unexpected end-of-input, expecting keyword_end
Started GET "/" for 127.0.0.1 at 2018-07-09 01:07:34 +0900
  
SyntaxError (/Users/uzini/files/develop/ruby on rails/workspace/crawling/app/controllers/home_controller.rb:96: syntax error, unexpected end-of-input, expecting keyword_end):
  
app/controllers/home_controller.rb:96: syntax error, unexpected end-of-input, expecting keyword_end
Started GET "/" for 127.0.0.1 at 2018-07-09 01:09:12 +0900
  
SyntaxError (/Users/uzini/files/develop/ruby on rails/workspace/crawling/app/controllers/home_controller.rb:97: syntax error, unexpected end-of-input, expecting keyword_end):
  
app/controllers/home_controller.rb:97: syntax error, unexpected end-of-input, expecting keyword_end
Started GET "/" for 127.0.0.1 at 2018-07-09 01:10:46 +0900
  
SyntaxError (/Users/uzini/files/develop/ruby on rails/workspace/crawling/app/controllers/home_controller.rb:95: syntax error, unexpected end-of-input, expecting keyword_end):
  
app/controllers/home_controller.rb:95: syntax error, unexpected end-of-input, expecting keyword_end
Started GET "/" for 127.0.0.1 at 2018-07-09 01:11:28 +0900
  
SyntaxError (/Users/uzini/files/develop/ruby on rails/workspace/crawling/app/controllers/home_controller.rb:95: syntax error, unexpected end-of-input, expecting keyword_end):
  
app/controllers/home_controller.rb:95: syntax error, unexpected end-of-input, expecting keyword_end
Started GET "/" for 127.0.0.1 at 2018-07-09 01:56:52 +0900
  
SyntaxError (/Users/uzini/files/develop/ruby on rails/workspace/crawling/app/controllers/home_controller.rb:91: syntax error, unexpected end-of-input, expecting keyword_end):
  
app/controllers/home_controller.rb:91: syntax error, unexpected end-of-input, expecting keyword_end
Started GET "/" for 127.0.0.1 at 2018-07-09 01:59:13 +0900
  
SyntaxError (/Users/uzini/files/develop/ruby on rails/workspace/crawling/app/controllers/home_controller.rb:93: syntax error, unexpected end-of-input, expecting keyword_end):
  
app/controllers/home_controller.rb:93: syntax error, unexpected end-of-input, expecting keyword_end
Started GET "/" for 127.0.0.1 at 2018-07-09 02:00:39 +0900
  
SyntaxError (/Users/uzini/files/develop/ruby on rails/workspace/crawling/app/controllers/home_controller.rb:63: syntax error, unexpected end-of-input, expecting keyword_end):
  
app/controllers/home_controller.rb:63: syntax error, unexpected end-of-input, expecting keyword_end
Started GET "/" for 127.0.0.1 at 2018-07-09 02:00:48 +0900
  
SyntaxError (/Users/uzini/files/develop/ruby on rails/workspace/crawling/app/controllers/home_controller.rb:61: syntax error, unexpected end-of-input, expecting keyword_end
  end
     ^):
  
app/controllers/home_controller.rb:61: syntax error, unexpected end-of-input, expecting keyword_end
Started GET "/" for 127.0.0.1 at 2018-07-09 02:03:32 +0900
  
SyntaxError (/Users/uzini/files/develop/ruby on rails/workspace/crawling/app/controllers/home_controller.rb:63: syntax error, unexpected end-of-input, expecting keyword_end):
  
app/controllers/home_controller.rb:63: syntax error, unexpected end-of-input, expecting keyword_end
Started GET "/" for 127.0.0.1 at 2018-07-09 02:04:00 +0900
Processing by HomeController#index as HTML
  Rendering home/index.html.erb within layouts/application
  Rendered home/index.html.erb within layouts/application (0.8ms)
Completed 200 OK in 574ms (Views: 378.1ms | ActiveRecord: 0.0ms)


Started GET "/" for 127.0.0.1 at 2018-07-09 02:04:04 +0900
Processing by HomeController#index as HTML
  Rendering home/index.html.erb within layouts/application
  Rendered home/index.html.erb within layouts/application (0.8ms)
Completed 200 OK in 174ms (Views: 29.2ms | ActiveRecord: 0.0ms)


Started GET "/" for 127.0.0.1 at 2018-07-09 02:06:17 +0900
Processing by HomeController#index as HTML
  Rendering home/index.html.erb within layouts/application
  Rendered home/index.html.erb within layouts/application (3.5ms)
Completed 200 OK in 1413ms (Views: 33.2ms | ActiveRecord: 0.0ms)


Started GET "/" for 127.0.0.1 at 2018-07-09 02:07:09 +0900
Processing by HomeController#index as HTML
  Rendering home/index.html.erb within layouts/application
  Rendered home/index.html.erb within layouts/application (0.8ms)
Completed 500 Internal Server Error in 1457ms (ActiveRecord: 0.0ms)


  
SyntaxError (/Users/uzini/files/develop/ruby on rails/workspace/crawling/app/views/home/index.html.erb:11: syntax error, unexpected end-of-input, expecting keyword_end
          end
             ^):
  
app/views/home/index.html.erb:11: syntax error, unexpected end-of-input, expecting keyword_end
Started GET "/" for 127.0.0.1 at 2018-07-09 02:07:51 +0900
Processing by HomeController#index as HTML
  Rendering home/index.html.erb within layouts/application
  Rendered home/index.html.erb within layouts/application (0.4ms)
Completed 200 OK in 680ms (Views: 26.9ms | ActiveRecord: 0.0ms)


Started GET "/" for 127.0.0.1 at 2018-07-09 02:08:11 +0900
Processing by HomeController#index as HTML
  Rendering home/index.html.erb within layouts/application
  Rendered home/index.html.erb within layouts/application (329.7ms)
Completed 500 Internal Server Error in 1000ms (ActiveRecord: 0.0ms)


  
ActionView::Template::Error (undefined local variable or method `x' for #<#<Class:0x00007fa6b3d68948>:0x00007fa6b581d3d8>):
     6: <% end %>
     7: <!--
     8: <% @all.each do |y| %>
     9:   <p><%= x[y] %></p>
    10: <% end %> -->
  
app/views/home/index.html.erb:9:in `block in _app_views_home_index_html_erb__2062559174765825667_70176993210680'
app/views/home/index.html.erb:8:in `each'
app/views/home/index.html.erb:8:in `_app_views_home_index_html_erb__2062559174765825667_70176993210680'
Started GET "/" for 127.0.0.1 at 2018-07-09 02:08:24 +0900
Processing by HomeController#index as HTML
  Rendering home/index.html.erb within layouts/application
  Rendered home/index.html.erb within layouts/application (2.4ms)
Completed 200 OK in 1683ms (Views: 18.9ms | ActiveRecord: 0.0ms)


Started GET "/" for 127.0.0.1 at 2018-07-09 02:09:15 +0900
Processing by HomeController#index as HTML
  Rendering home/index.html.erb within layouts/application
  Rendered home/index.html.erb within layouts/application (2.9ms)
Completed 200 OK in 622ms (Views: 18.9ms | ActiveRecord: 0.0ms)


Started GET "/" for 127.0.0.1 at 2018-07-09 02:09:29 +0900
Processing by HomeController#index as HTML
  Rendering home/index.html.erb within layouts/application
  Rendered home/index.html.erb within layouts/application (2.5ms)
Completed 200 OK in 1204ms (Views: 17.8ms | ActiveRecord: 0.0ms)


Started GET "/" for 127.0.0.1 at 2018-07-09 13:42:30 +0900
Processing by HomeController#index as HTML
  Rendering home/index.html.erb within layouts/application
  Rendered home/index.html.erb within layouts/application (6.8ms)
Completed 200 OK in 1013ms (Views: 249.0ms | ActiveRecord: 0.0ms)


Started GET "/" for 127.0.0.1 at 2018-07-09 13:50:43 +0900
  
SyntaxError (/Users/uzini/files/develop/ruby on rails/workspace/crawling/app/controllers/home_controller.rb:117: syntax error, unexpected end-of-input, expecting keyword_end):
  
app/controllers/home_controller.rb:117: syntax error, unexpected end-of-input, expecting keyword_end
Started GET "/" for 127.0.0.1 at 2018-07-09 13:51:09 +0900
Processing by HomeController#index as HTML
  Rendering home/index.html.erb within layouts/application
  Rendered home/index.html.erb within layouts/application (3.2ms)
Completed 200 OK in 926ms (Views: 27.6ms | ActiveRecord: 0.0ms)


Started GET "/" for 127.0.0.1 at 2018-07-09 13:51:43 +0900
Processing by HomeController#index as HTML
  Rendering home/index.html.erb within layouts/application
  Rendered home/index.html.erb within layouts/application (4.1ms)
Completed 200 OK in 610ms (Views: 32.0ms | ActiveRecord: 0.0ms)


Started GET "/" for 127.0.0.1 at 2018-07-09 13:52:28 +0900
Processing by HomeController#index as HTML
  Rendering home/index.html.erb within layouts/application
  Rendered home/index.html.erb within layouts/application (4.7ms)
Completed 200 OK in 612ms (Views: 32.7ms | ActiveRecord: 0.0ms)


Started GET "/" for 127.0.0.1 at 2018-07-09 13:52:33 +0900
Processing by HomeController#index as HTML
  Rendering home/index.html.erb within layouts/application
  Rendered home/index.html.erb within layouts/application (4.0ms)
Completed 200 OK in 745ms (Views: 23.4ms | ActiveRecord: 0.0ms)


Started GET "/" for 127.0.0.1 at 2018-07-09 13:53:23 +0900
Processing by HomeController#index as HTML
  Rendering home/index.html.erb within layouts/application
  Rendered home/index.html.erb within layouts/application (2.9ms)
Completed 500 Internal Server Error in 464ms (ActiveRecord: 0.0ms)


  
ActionView::Template::Error (undefined method `each' for nil:NilClass):
    1: <!-- <% @all.each do |x| %>
    2:   <p><%= x %></p>
    3: <% end %> -->
  
app/views/home/index.html.erb:1:in `_app_views_home_index_html_erb___3373011427310273276_70338581389760'
Started GET "/" for 127.0.0.1 at 2018-07-09 13:53:31 +0900
Processing by HomeController#index as HTML
  Rendering home/index.html.erb within layouts/application
  Rendered home/index.html.erb within layouts/application (0.3ms)
Completed 200 OK in 537ms (Views: 24.2ms | ActiveRecord: 0.0ms)


Started GET "/" for 127.0.0.1 at 2018-07-09 13:54:42 +0900
Processing by HomeController#index as HTML
  Rendering home/index.html.erb within layouts/application
  Rendered home/index.html.erb within layouts/application (0.4ms)
Completed 200 OK in 539ms (Views: 27.8ms | ActiveRecord: 0.0ms)


Started GET "/" for 127.0.0.1 at 2018-07-09 13:56:58 +0900
Processing by HomeController#index as HTML
  Rendering home/index.html.erb within layouts/application
  Rendered home/index.html.erb within layouts/application (0.3ms)
Completed 200 OK in 646ms (Views: 22.2ms | ActiveRecord: 0.0ms)


Started GET "/" for 127.0.0.1 at 2018-07-09 13:57:31 +0900
Processing by HomeController#index as HTML
  Rendering home/index.html.erb within layouts/application
  Rendered home/index.html.erb within layouts/application (0.3ms)
Completed 200 OK in 648ms (Views: 25.7ms | ActiveRecord: 0.0ms)


Started GET "/" for 127.0.0.1 at 2018-07-09 13:58:13 +0900
Processing by HomeController#index as HTML
  Rendering home/index.html.erb within layouts/application
  Rendered home/index.html.erb within layouts/application (0.3ms)
Completed 200 OK in 381ms (Views: 16.6ms | ActiveRecord: 0.0ms)


Started GET "/" for 127.0.0.1 at 2018-07-09 14:02:20 +0900
Processing by HomeController#index as HTML
  Rendering home/index.html.erb within layouts/application
  Rendered home/index.html.erb within layouts/application (0.5ms)
Completed 200 OK in 541ms (Views: 33.7ms | ActiveRecord: 0.0ms)


Started GET "/" for 127.0.0.1 at 2018-07-09 14:29:29 +0900
Processing by HomeController#index as HTML
  Rendering home/index.html.erb within layouts/application
  Rendered home/index.html.erb within layouts/application (1.0ms)
Completed 200 OK in 481ms (Views: 28.0ms | ActiveRecord: 0.0ms)


Started GET "/" for 127.0.0.1 at 2018-07-09 14:30:21 +0900
Processing by HomeController#index as HTML
  Rendering home/index.html.erb within layouts/application
  Rendered home/index.html.erb within layouts/application (2.3ms)
Completed 200 OK in 504ms (Views: 41.2ms | ActiveRecord: 0.0ms)


Started GET "/" for 127.0.0.1 at 2018-07-09 14:30:30 +0900
Processing by HomeController#index as HTML
  Rendering home/index.html.erb within layouts/application
  Rendered home/index.html.erb within layouts/application (1.2ms)
Completed 200 OK in 470ms (Views: 17.3ms | ActiveRecord: 0.0ms)


Started GET "/" for 127.0.0.1 at 2018-07-09 14:31:36 +0900
Processing by HomeController#index as HTML
  Rendering home/index.html.erb within layouts/application
  Rendered home/index.html.erb within layouts/application (2.1ms)
Completed 200 OK in 516ms (Views: 37.2ms | ActiveRecord: 0.0ms)


Started GET "/" for 127.0.0.1 at 2018-07-09 14:38:45 +0900
Processing by HomeController#index as HTML
Completed 500 Internal Server Error in 510ms (ActiveRecord: 0.0ms)


  
NoMethodError (undefined method `innerHTML' for #<Nokogiri::XML::NodeSet:0x00007ff1f4ce1ab0>
Did you mean?  inner_html):
  
app/controllers/home_controller.rb:36:in `block in test'
app/controllers/home_controller.rb:31:in `test'
app/controllers/home_controller.rb:13:in `index'
Started GET "/" for 127.0.0.1 at 2018-07-09 14:38:52 +0900
Processing by HomeController#index as HTML
Completed 500 Internal Server Error in 484ms (ActiveRecord: 0.0ms)


  
NoMethodError (undefined method `content' for #<Nokogiri::XML::NodeSet:0x00007ff1f444eab0>):
  
app/controllers/home_controller.rb:36:in `block in test'
app/controllers/home_controller.rb:31:in `test'
app/controllers/home_controller.rb:13:in `index'
Started GET "/" for 127.0.0.1 at 2018-07-09 14:41:19 +0900
Processing by HomeController#index as HTML
  Rendering home/index.html.erb within layouts/application
  Rendered home/index.html.erb within layouts/application (2.3ms)
Completed 200 OK in 554ms (Views: 28.7ms | ActiveRecord: 0.0ms)


Started GET "/" for 127.0.0.1 at 2018-07-09 14:41:59 +0900
Processing by HomeController#index as HTML
  Rendering home/index.html.erb within layouts/application
  Rendered home/index.html.erb within layouts/application (1.7ms)
Completed 200 OK in 588ms (Views: 17.4ms | ActiveRecord: 0.0ms)


Started GET "/" for 127.0.0.1 at 2018-07-09 14:43:02 +0900
Processing by HomeController#index as HTML
  Rendering home/index.html.erb within layouts/application
  Rendered home/index.html.erb within layouts/application (2.4ms)
Completed 200 OK in 567ms (Views: 27.5ms | ActiveRecord: 0.0ms)


Started GET "/" for 127.0.0.1 at 2018-07-09 14:44:07 +0900
Processing by HomeController#index as HTML
  Rendering home/index.html.erb within layouts/application
  Rendered home/index.html.erb within layouts/application (3.5ms)
Completed 200 OK in 539ms (Views: 29.6ms | ActiveRecord: 0.0ms)


Started GET "/" for 127.0.0.1 at 2018-07-09 14:47:20 +0900
Processing by HomeController#index as HTML
  Rendering home/index.html.erb within layouts/application
  Rendered home/index.html.erb within layouts/application (2.8ms)
Completed 200 OK in 1554ms (Views: 27.2ms | ActiveRecord: 0.0ms)


Started GET "/" for 127.0.0.1 at 2018-07-09 14:47:44 +0900
Processing by HomeController#index as HTML
  Rendering home/index.html.erb within layouts/application
  Rendered home/index.html.erb within layouts/application (3.4ms)
Completed 200 OK in 706ms (Views: 29.7ms | ActiveRecord: 0.0ms)


Started GET "/" for 127.0.0.1 at 2018-07-09 14:48:01 +0900
Processing by HomeController#index as HTML
  Rendering home/index.html.erb within layouts/application
  Rendered home/index.html.erb within layouts/application (3.1ms)
Completed 200 OK in 511ms (Views: 19.5ms | ActiveRecord: 0.0ms)


Started GET "/" for 127.0.0.1 at 2018-07-09 14:48:08 +0900
Processing by HomeController#index as HTML
  Rendering home/index.html.erb within layouts/application
  Rendered home/index.html.erb within layouts/application (2.2ms)
Completed 200 OK in 793ms (Views: 18.0ms | ActiveRecord: 0.0ms)


Started GET "/" for 127.0.0.1 at 2018-07-09 14:48:48 +0900
Processing by HomeController#index as HTML
  Rendering home/index.html.erb within layouts/application
  Rendered home/index.html.erb within layouts/application (2.4ms)
Completed 200 OK in 619ms (Views: 20.7ms | ActiveRecord: 0.0ms)


Started GET "/" for 127.0.0.1 at 2018-07-09 14:53:04 +0900
Processing by HomeController#index as HTML
  Rendering home/index.html.erb within layouts/application
  Rendered home/index.html.erb within layouts/application (2.4ms)
Completed 200 OK in 1118ms (Views: 30.5ms | ActiveRecord: 0.0ms)


Started GET "/" for 127.0.0.1 at 2018-07-09 14:53:37 +0900
Processing by HomeController#index as HTML
  Rendering home/index.html.erb within layouts/application
  Rendered home/index.html.erb within layouts/application (2.3ms)
Completed 200 OK in 611ms (Views: 23.8ms | ActiveRecord: 0.0ms)


Started GET "/" for 127.0.0.1 at 2018-07-09 14:53:54 +0900
Processing by HomeController#index as HTML
  Rendering home/index.html.erb within layouts/application
  Rendered home/index.html.erb within layouts/application (7.5ms)
Completed 200 OK in 624ms (Views: 28.1ms | ActiveRecord: 0.0ms)


Started GET "/" for 127.0.0.1 at 2018-07-09 14:55:15 +0900
Processing by HomeController#index as HTML
  Rendering home/index.html.erb within layouts/application
  Rendered home/index.html.erb within layouts/application (0.4ms)
Completed 200 OK in 600ms (Views: 25.2ms | ActiveRecord: 0.0ms)


Started GET "/" for 127.0.0.1 at 2018-07-09 14:55:21 +0900
Processing by HomeController#index as HTML
  Rendering home/index.html.erb within layouts/application
  Rendered home/index.html.erb within layouts/application (2.9ms)
Completed 200 OK in 1147ms (Views: 20.5ms | ActiveRecord: 0.0ms)


Started GET "/" for 127.0.0.1 at 2018-07-09 14:56:17 +0900
Processing by HomeController#index as HTML
  Rendering home/index.html.erb within layouts/application
  Rendered home/index.html.erb within layouts/application (2.4ms)
Completed 200 OK in 530ms (Views: 25.8ms | ActiveRecord: 0.0ms)


Started GET "/" for 127.0.0.1 at 2018-07-09 14:57:59 +0900
Processing by HomeController#index as HTML
  Rendering home/index.html.erb within layouts/application
  Rendered home/index.html.erb within layouts/application (2.5ms)
Completed 200 OK in 614ms (Views: 18.0ms | ActiveRecord: 0.0ms)


Started GET "/" for 127.0.0.1 at 2018-07-09 14:58:08 +0900
Processing by HomeController#index as HTML
  Rendering home/index.html.erb within layouts/application
  Rendered home/index.html.erb within layouts/application (2.7ms)
Completed 200 OK in 523ms (Views: 24.9ms | ActiveRecord: 0.0ms)


Started GET "/" for 127.0.0.1 at 2018-07-09 14:58:11 +0900
Processing by HomeController#index as HTML
  Rendering home/index.html.erb within layouts/application
  Rendered home/index.html.erb within layouts/application (2.9ms)
Completed 200 OK in 760ms (Views: 19.0ms | ActiveRecord: 0.0ms)


Started GET "/" for 127.0.0.1 at 2018-07-09 14:58:11 +0900
Processing by HomeController#index as HTML
Started GET "/" for 127.0.0.1 at 2018-07-09 14:58:11 +0900
Processing by HomeController#index as HTML
  Rendering home/index.html.erb within layouts/application
  Rendered home/index.html.erb within layouts/application (2.1ms)
  Rendering home/index.html.erb within layouts/application
  Rendered home/index.html.erb within layouts/application (2.1ms)
Completed 200 OK in 748ms (Views: 107.4ms | ActiveRecord: 0.0ms)


Completed 200 OK in 762ms (Views: 31.7ms | ActiveRecord: 0.0ms)


Started GET "/" for 127.0.0.1 at 2018-07-09 14:58:15 +0900
Processing by HomeController#index as HTML
  Rendering home/index.html.erb within layouts/application
  Rendered home/index.html.erb within layouts/application (7.4ms)
Completed 200 OK in 536ms (Views: 28.8ms | ActiveRecord: 0.0ms)


Started GET "/" for 127.0.0.1 at 2018-07-09 14:58:19 +0900
Processing by HomeController#index as HTML
  Rendering home/index.html.erb within layouts/application
  Rendered home/index.html.erb within layouts/application (2.6ms)
Completed 200 OK in 508ms (Views: 17.8ms | ActiveRecord: 0.0ms)


Started GET "/" for 127.0.0.1 at 2018-07-09 14:58:28 +0900
Processing by HomeController#index as HTML
  Rendering home/index.html.erb within layouts/application
  Rendered home/index.html.erb within layouts/application (2.4ms)
Completed 200 OK in 533ms (Views: 25.9ms | ActiveRecord: 0.0ms)


Started GET "/" for 127.0.0.1 at 2018-07-09 15:47:55 +0900
Processing by HomeController#index as HTML
  Rendering home/index.html.erb within layouts/application
  Rendered home/index.html.erb within layouts/application (1.0ms)
Completed 200 OK in 174ms (Views: 35.4ms | ActiveRecord: 0.0ms)


Started GET "/" for 127.0.0.1 at 2018-07-09 15:49:00 +0900
Processing by HomeController#index as HTML
  Rendering home/index.html.erb within layouts/application
  Rendered home/index.html.erb within layouts/application (0.8ms)
Completed 200 OK in 184ms (Views: 17.2ms | ActiveRecord: 0.0ms)


Started GET "/" for 127.0.0.1 at 2018-07-09 15:49:38 +0900
Processing by HomeController#index as HTML
  Rendering home/index.html.erb within layouts/application
  Rendered home/index.html.erb within layouts/application (0.9ms)
Completed 200 OK in 177ms (Views: 18.7ms | ActiveRecord: 0.0ms)


Started GET "/" for 127.0.0.1 at 2018-07-09 15:52:35 +0900
Processing by HomeController#index as HTML
  Rendering home/index.html.erb within layouts/application
  Rendered home/index.html.erb within layouts/application (1.3ms)
Completed 200 OK in 164ms (Views: 20.9ms | ActiveRecord: 0.0ms)


Started GET "/" for 127.0.0.1 at 2018-07-09 15:54:50 +0900
Processing by HomeController#index as HTML
  Rendering home/index.html.erb within layouts/application
  Rendered home/index.html.erb within layouts/application (7.5ms)
Completed 200 OK in 176ms (Views: 34.3ms | ActiveRecord: 0.0ms)


Started GET "/" for 127.0.0.1 at 2018-07-09 15:56:57 +0900
Processing by HomeController#index as HTML
  Rendering home/index.html.erb within layouts/application
  Rendered home/index.html.erb within layouts/application (1.3ms)
Completed 200 OK in 157ms (Views: 16.7ms | ActiveRecord: 0.0ms)


Started GET "/" for 127.0.0.1 at 2018-07-09 15:59:43 +0900
Processing by HomeController#index as HTML
Completed 500 Internal Server Error in 1ms (ActiveRecord: 0.0ms)


  
ArgumentError (wrong number of arguments (given 0, expected 2..3)):
  
app/controllers/home_controller.rb:13:in `test'
app/controllers/home_controller.rb:13:in `index'
Started GET "/" for 127.0.0.1 at 2018-07-09 15:59:55 +0900
Processing by HomeController#index as HTML
Completed 500 Internal Server Error in 1ms (ActiveRecord: 0.0ms)


  
ArgumentError (wrong number of arguments (given 0, expected 2..3)):
  
app/controllers/home_controller.rb:13:in `test'
app/controllers/home_controller.rb:13:in `index'
Started GET "/" for 127.0.0.1 at 2018-07-09 16:00:05 +0900
Processing by HomeController#index as HTML
  Rendering home/index.html.erb within layouts/application
  Rendered home/index.html.erb within layouts/application (2.9ms)
Completed 500 Internal Server Error in 793ms (ActiveRecord: 0.0ms)


  
ActionView::Template::Error (undefined method `each' for nil:NilClass):
    1: <% @list.each do |x| %>
    2:   <p><%= x %></p>
    3: <% end %>
  
app/views/home/index.html.erb:1:in `_app_views_home_index_html_erb___3373011427310273276_70338561307960'
Started GET "/" for 127.0.0.1 at 2018-07-09 16:00:14 +0900
Processing by HomeController#index as HTML
  Rendering home/index.html.erb within layouts/application
  Rendered home/index.html.erb within layouts/application (9.5ms)
Completed 200 OK in 754ms (Views: 33.5ms | ActiveRecord: 0.0ms)


Started GET "/" for 127.0.0.1 at 2018-07-09 16:02:29 +0900
Processing by HomeController#index as HTML
  Rendering home/index.html.erb within layouts/application
  Rendered home/index.html.erb within layouts/application (4.0ms)
Completed 200 OK in 851ms (Views: 38.9ms | ActiveRecord: 0.0ms)


Started GET "/" for 127.0.0.1 at 2018-07-09 16:02:36 +0900
Processing by HomeController#index as HTML
  Rendering home/index.html.erb within layouts/application
  Rendered home/index.html.erb within layouts/application (2.4ms)
Completed 200 OK in 921ms (Views: 22.1ms | ActiveRecord: 0.0ms)


Started GET "/" for 127.0.0.1 at 2018-07-09 16:04:38 +0900
Processing by HomeController#index as HTML
  Rendering home/index.html.erb within layouts/application
  Rendered home/index.html.erb within layouts/application (4.9ms)
Completed 200 OK in 783ms (Views: 44.3ms | ActiveRecord: 0.0ms)


Started GET "/" for 127.0.0.1 at 2018-07-09 23:38:51 +0900
Processing by HomeController#index as HTML
Completed 500 Internal Server Error in 1227ms (ActiveRecord: 0.0ms)


  
NoMethodError (undefined method `to_json!' for #<Array:0x00007ff1f449df70>
Did you mean?  to_json):
  
app/controllers/home_controller.rb:14:in `index'
Started GET "/" for 127.0.0.1 at 2018-07-09 23:39:00 +0900
Processing by HomeController#index as HTML
  Rendering home/index.html.erb within layouts/application
  Rendered home/index.html.erb within layouts/application (6.3ms)
Completed 500 Internal Server Error in 3178ms (ActiveRecord: 0.0ms)


  
ActionView::Template::Error (undefined method `each' for #<String:0x00007ff1ef566a38>):
    1: <% @all.each do |x| %>
    2:   <p><%= x %></p>
    3: <% end %>
  
app/views/home/index.html.erb:1:in `_app_views_home_index_html_erb___3373011427310273276_70338539629520'
Started GET "/" for 127.0.0.1 at 2018-07-09 23:39:04 +0900
Processing by HomeController#index as HTML
  Rendering home/index.html.erb within layouts/application
  Rendered home/index.html.erb within layouts/application (8.3ms)
Completed 500 Internal Server Error in 704ms (ActiveRecord: 0.0ms)


  
ActionView::Template::Error (undefined method `each' for #<String:0x00007ff1f4449510>):
    1: <% @all.each do |x| %>
    2:   <p><%= x %></p>
    3: <% end %>
  
app/views/home/index.html.erb:1:in `_app_views_home_index_html_erb___3373011427310273276_70338580987960'
Started GET "/" for 127.0.0.1 at 2018-07-09 23:39:24 +0900
Processing by HomeController#index as HTML
  Rendering home/index.html.erb within layouts/application
  Rendered home/index.html.erb within layouts/application (5.6ms)
Completed 500 Internal Server Error in 866ms (ActiveRecord: 0.0ms)


  
ActionView::Template::Error (undefined method `each' for #<String:0x00007ff1ef7bf168>):
    1: <% @all.each do |x| %>
    2:   <p><%= x %></p>
    3: <% end %>
  
app/views/home/index.html.erb:1:in `_app_views_home_index_html_erb___3373011427310273276_70338540859340'
Started GET "/" for 127.0.0.1 at 2018-07-09 23:39:42 +0900
Processing by HomeController#index as HTML
  Rendering home/index.html.erb within layouts/application
  Rendered home/index.html.erb within layouts/application (5.2ms)
Completed 500 Internal Server Error in 827ms (ActiveRecord: 0.0ms)


  
ActionView::Template::Error (undefined method `each' for #<String:0x00007ff1f4fb20a0>):
    1: <!-- <% @all.each do |x| %>
    2:   <p><%= x %></p>
    3: <% end %> -->
    4: 
  
app/views/home/index.html.erb:1:in `_app_views_home_index_html_erb___3373011427310273276_70338586969860'
Started GET "/" for 127.0.0.1 at 2018-07-09 23:39:54 +0900
Processing by HomeController#index as HTML
  Rendering home/index.html.erb within layouts/application
  Rendered home/index.html.erb within layouts/application (0.6ms)
Completed 200 OK in 701ms (Views: 29.5ms | ActiveRecord: 0.0ms)


Started GET "/" for 127.0.0.1 at 2018-07-09 23:47:26 +0900
Processing by HomeController#index as HTML
  Rendering home/index.html.erb within layouts/application
  Rendered home/index.html.erb within layouts/application (4.6ms)
Completed 500 Internal Server Error in 853ms (ActiveRecord: 0.0ms)


  
ActionView::Template::Error (undefined method `each' for #<String:0x00007ff1f0a869e0>):
    1: <!-- <% @all.each do |x| %>
    2:   <p><%= x %></p>
    3: <% end %> -->
    4: 
  
app/views/home/index.html.erb:1:in `_app_views_home_index_html_erb___3373011427310273276_70338550704300'
Started GET "/" for 127.0.0.1 at 2018-07-09 23:47:37 +0900
Processing by HomeController#index as HTML
  Rendering home/index.html.erb within layouts/application
  Rendered home/index.html.erb within layouts/application (0.8ms)
Completed 200 OK in 892ms (Views: 18.8ms | ActiveRecord: 0.0ms)


Started GET "/" for 127.0.0.1 at 2018-07-09 23:49:22 +0900
Processing by HomeController#index as HTML
  Rendering home/index.html.erb within layouts/application
  Rendered home/index.html.erb within layouts/application (0.8ms)
Completed 200 OK in 2048ms (Views: 31.0ms | ActiveRecord: 0.0ms)


Started GET "/" for 127.0.0.1 at 2018-07-09 23:51:31 +0900
Processing by HomeController#index as HTML
  Rendering home/index.html.erb within layouts/application
  Rendered home/index.html.erb within layouts/application (1.0ms)
Completed 200 OK in 819ms (Views: 26.9ms | ActiveRecord: 0.0ms)


Started GET "/" for 127.0.0.1 at 2018-07-09 23:53:00 +0900
Processing by HomeController#index as HTML
  Rendering home/index.html.erb within layouts/application
  Rendered home/index.html.erb within layouts/application (4.5ms)
Completed 200 OK in 935ms (Views: 41.2ms | ActiveRecord: 0.0ms)


Started GET "/" for 127.0.0.1 at 2018-07-09 23:53:30 +0900
Processing by HomeController#index as HTML
  Rendering home/index.html.erb within layouts/application
  Rendered home/index.html.erb within layouts/application (8.4ms)
Completed 500 Internal Server Error in 2506ms (ActiveRecord: 0.0ms)


  
ActionView::Template::Error (undefined method `each' for #<String:0x00007ff1ef58e650>):
    1: <% @all.each do |x| %>
    2:   <p><%= x %></p>
    3: <% end %>
    4: 
  
app/views/home/index.html.erb:1:in `_app_views_home_index_html_erb___3373011427310273276_70338539710540'
Started GET "/" for 127.0.0.1 at 2018-07-09 23:53:46 +0900
Processing by HomeController#index as HTML
  Rendering home/index.html.erb within layouts/application
  Rendered home/index.html.erb within layouts/application (20.0ms)
Completed 200 OK in 914ms (Views: 36.3ms | ActiveRecord: 0.0ms)


Started GET "/" for 127.0.0.1 at 2018-07-09 23:54:07 +0900
Processing by HomeController#index as HTML
  Rendering home/index.html.erb within layouts/application
  Rendered home/index.html.erb within layouts/application (30.1ms)
Completed 200 OK in 1048ms (Views: 48.7ms | ActiveRecord: 0.0ms)


Started GET "/" for 127.0.0.1 at 2018-07-09 23:58:41 +0900
Processing by HomeController#index as HTML
  Rendering home/index.html.erb within layouts/application
  Rendered home/index.html.erb within layouts/application (100.1ms)
Completed 200 OK in 1417ms (Views: 115.4ms | ActiveRecord: 0.0ms)


Started GET "/" for 127.0.0.1 at 2018-07-10 00:00:14 +0900
Processing by HomeController#index as HTML
Completed 500 Internal Server Error in 62ms (ActiveRecord: 0.0ms)


  
NoMethodError (undefined method `<<' for nil:NilClass):
  
app/controllers/home_controller.rb:48:in `block (2 levels) in crawl'
app/controllers/home_controller.rb:36:in `block in crawl'
app/controllers/home_controller.rb:30:in `each'
app/controllers/home_controller.rb:30:in `crawl'
app/controllers/home_controller.rb:13:in `index'
Started GET "/" for 127.0.0.1 at 2018-07-10 00:00:31 +0900
  
SyntaxError (/Users/uzini/files/develop/ruby on rails/workspace/crawling/app/controllers/home_controller.rb:26: syntax error, unexpected ',', expecting ']'
    list = [,,]
            ^):
  
app/controllers/home_controller.rb:26: syntax error, unexpected ',', expecting ']'
Started GET "/" for 127.0.0.1 at 2018-07-10 00:03:02 +0900
Processing by HomeController#index as HTML
  Rendering home/index.html.erb within layouts/application
  Rendered home/index.html.erb within layouts/application (8.0ms)
Completed 200 OK in 998ms (Views: 23.8ms | ActiveRecord: 0.0ms)


Started GET "/" for 127.0.0.1 at 2018-07-10 00:07:50 +0900
Processing by HomeController#index as HTML
  Rendering home/index.html.erb within layouts/application
  Rendered home/index.html.erb within layouts/application (0.7ms)
Completed 500 Internal Server Error in 1262ms (ActiveRecord: 0.0ms)


  
SyntaxError (/Users/uzini/files/develop/ruby on rails/workspace/crawling/app/views/home/index.html.erb:12: syntax error, unexpected keyword_ensure, expecting end-of-input
          ensure
          ^~~~~~):
  
app/views/home/index.html.erb:12: syntax error, unexpected keyword_ensure, expecting end-of-input
Started PUT "/__web_console/repl_sessions/6b537aa0237d63469e69a5aa9f41d1b1" for 127.0.0.1 at 2018-07-10 00:08:03 +0900
Started PUT "/__web_console/repl_sessions/6b537aa0237d63469e69a5aa9f41d1b1" for 127.0.0.1 at 2018-07-10 00:08:03 +0900
Started GET "/" for 127.0.0.1 at 2018-07-10 00:08:32 +0900
Processing by HomeController#index as HTML
  Rendering home/index.html.erb within layouts/application
  Rendered home/index.html.erb within layouts/application (4.3ms)
Completed 200 OK in 1149ms (Views: 21.8ms | ActiveRecord: 0.0ms)


Started GET "/" for 127.0.0.1 at 2018-07-10 00:08:44 +0900
Processing by HomeController#index as HTML
  Rendering home/index.html.erb within layouts/application
  Rendered home/index.html.erb within layouts/application (7.2ms)
Completed 200 OK in 735ms (Views: 26.1ms | ActiveRecord: 0.0ms)


Started GET "/" for 127.0.0.1 at 2018-07-10 00:09:08 +0900
Processing by HomeController#index as HTML
  Rendering home/index.html.erb within layouts/application
  Rendered home/index.html.erb within layouts/application (8.3ms)
Completed 200 OK in 740ms (Views: 29.8ms | ActiveRecord: 0.0ms)


Started GET "/" for 127.0.0.1 at 2018-07-10 00:09:28 +0900
Processing by HomeController#index as HTML
  Rendering home/index.html.erb within layouts/application
  Rendered home/index.html.erb within layouts/application (8.3ms)
Completed 200 OK in 750ms (Views: 25.9ms | ActiveRecord: 0.0ms)


Started GET "/" for 127.0.0.1 at 2018-07-10 00:10:19 +0900
Processing by HomeController#index as HTML
  Rendering home/index.html.erb within layouts/application
  Rendered home/index.html.erb within layouts/application (9.3ms)
Completed 200 OK in 3596ms (Views: 33.2ms | ActiveRecord: 0.0ms)


Started GET "/" for 127.0.0.1 at 2018-07-10 00:12:01 +0900
Processing by HomeController#index as HTML
  Rendering home/index.html.erb within layouts/application
  Rendered home/index.html.erb within layouts/application (11.4ms)
Completed 200 OK in 844ms (Views: 36.0ms | ActiveRecord: 0.0ms)


Started GET "/" for 127.0.0.1 at 2018-07-10 00:29:00 +0900
Processing by HomeController#index as HTML
  Rendering home/index.html.erb within layouts/application
  Rendered home/index.html.erb within layouts/application (5.0ms)
Completed 200 OK in 2446ms (Views: 31.7ms | ActiveRecord: 0.0ms)


Started GET "/" for 127.0.0.1 at 2018-07-10 00:29:06 +0900
Processing by HomeController#index as HTML
  Rendering home/index.html.erb within layouts/application
  Rendered home/index.html.erb within layouts/application (5.1ms)
Completed 200 OK in 949ms (Views: 35.7ms | ActiveRecord: 0.0ms)


Started GET "/" for 127.0.0.1 at 2018-07-10 00:29:50 +0900
Processing by HomeController#index as HTML
Completed 500 Internal Server Error in 55ms (ActiveRecord: 0.0ms)


  
NoMethodError (undefined method `split' for #<Nokogiri::XML::NodeSet:0x00007ff1f099e5f0>):
  
app/controllers/home_controller.rb:38:in `block (2 levels) in crawl'
app/controllers/home_controller.rb:31:in `block in crawl'
app/controllers/home_controller.rb:25:in `each'
app/controllers/home_controller.rb:25:in `crawl'
app/controllers/home_controller.rb:13:in `index'
Started GET "/" for 127.0.0.1 at 2018-07-10 00:30:11 +0900
Processing by HomeController#index as HTML
  Rendering home/index.html.erb within layouts/application
  Rendered home/index.html.erb within layouts/application (7.5ms)
Completed 200 OK in 1018ms (Views: 33.3ms | ActiveRecord: 0.0ms)


Started GET "/" for 127.0.0.1 at 2018-07-12 01:10:18 +0900
Processing by HomeController#index as HTML
  Rendering home/index.html.erb within layouts/application
  Rendered home/index.html.erb within layouts/application (6.6ms)
Completed 200 OK in 877ms (Views: 40.2ms | ActiveRecord: 0.0ms)


